<?xml version="1.0" encoding="UTF-8"?>
<!-- Generated by org.testng.reporters.JUnitReportReporter -->
<testsuite skipped="0" hostname="DESKTOP-2F9I86H" name="ReqRes.PostCreateUser" tests="1" failures="0" timestamp="2020-06-04T07:16:52 IST" time="7.103" errors="0">
  <testcase name="createUser" time="7.103" classname="ReqRes.PostCreateUser"/>
  <system-out/>
</testsuite> <!-- ReqRes.PostCreateUser -->
