<?xml version="1.0" encoding="UTF-8"?>
<!-- Generated by org.testng.reporters.JUnitReportReporter -->
<testsuite skipped="0" hostname="DESKTOP-2F9I86H" name="CustomProductAPI.AddProduct" tests="2" failures="0" timestamp="2020-06-04T07:43:16 IST" time="19.779" errors="0">
  <testcase name="singleProdcut" time="1.003" classname="CustomProductAPI.AddProduct"/>
  <system-out/>
  <testcase name="addProdcut" time="18.776" classname="CustomProductAPI.AddProduct"/>
  <system-out/>
</testsuite> <!-- CustomProductAPI.AddProduct -->
