<?xml version="1.0" encoding="UTF-8"?>
<!-- Generated by org.testng.reporters.JUnitReportReporter -->
<testsuite skipped="0" hostname="DESKTOP-2F9I86H" name="ReqRes.GetUsersList" tests="1" failures="0" timestamp="2020-06-02T07:28:27 IST" time="8.020" errors="0">
  <testcase name="getUsersList" time="8.020" classname="ReqRes.GetUsersList"/>
  <system-out/>
</testsuite> <!-- ReqRes.GetUsersList -->
