<?xml version="1.0" encoding="UTF-8"?>
<!-- Generated by org.testng.reporters.JUnitReportReporter -->
<testsuite skipped="1" hostname="DESKTOP-2F9I86H" name="TwitterAPI.AddTweet" tests="3" failures="0" timestamp="2020-06-10T10:10:08 IST" time="9.370" errors="0">
  <testcase name="delTweet" time="0.005" classname="TwitterAPI.AddTweet"/>
  <system-out/>
  <testcase name="getTweet" time="9.365" classname="TwitterAPI.AddTweet"/>
  <system-out/>
  <testcase name="addTweet" classname="TwitterAPI.AddTweet">
    <skipped/>
  </testcase> <!-- addTweet -->
  <system-out/>
</testsuite> <!-- TwitterAPI.AddTweet -->
